<?xml version="1.0" encoding="UTF-8"?>
<testsuite name="BraveKnightTest" tests="1" skipped="0" failures="0" errors="0" timestamp="2017-12-10T02:25:29" hostname="yuan-Lenovo-IdeaPad-Y410P" time="0.254">
  <properties/>
  <testcase name="knightShouldEmbarkOnQuest" classname="BraveKnightTest" time="0.254"/>
  <system-out><![CDATA[]]></system-out>
  <system-err><![CDATA[]]></system-err>
</testsuite>
