<?xml version="1.0" encoding="UTF-8"?>
<testsuite name="soundsystem.CDPlayerTest" tests="2" skipped="0" failures="0" errors="0" timestamp="2017-12-10T15:05:50" hostname="yuan-Lenovo-IdeaPad-Y410P" time="0.002">
  <properties/>
  <testcase name="cdShouldPlay" classname="soundsystem.CDPlayerTest" time="0.001"/>
  <testcase name="cdShouldNotBeNull" classname="soundsystem.CDPlayerTest" time="0.0"/>
  <system-out><![CDATA[playing Sgt. Pepper's Lonely Hearts Club Band by The Beatles
]]></system-out>
  <system-err><![CDATA[Dec 10, 2017 10:05:50 AM org.springframework.test.context.support.DefaultTestContextBootstrapper getDefaultTestExecutionListenerClassNames
INFO: Loaded default TestExecutionListener class names from location [META-INF/spring.factories]: [org.springframework.test.context.web.ServletTestExecutionListener, org.springframework.test.context.support.DirtiesContextBeforeModesTestExecutionListener, org.springframework.test.context.support.DependencyInjectionTestExecutionListener, org.springframework.test.context.support.DirtiesContextTestExecutionListener, org.springframework.test.context.transaction.TransactionalTestExecutionListener, org.springframework.test.context.jdbc.SqlScriptsTestExecutionListener]
Dec 10, 2017 10:05:50 AM org.springframework.test.context.support.DefaultTestContextBootstrapper instantiateListeners
INFO: Could not instantiate TestExecutionListener [org.springframework.test.context.web.ServletTestExecutionListener]. Specify custom listener classes or make the default listener classes (and their required dependencies) available. Offending class: [javax/servlet/ServletContext]
Dec 10, 2017 10:05:50 AM org.springframework.test.context.support.DefaultTestContextBootstrapper instantiateListeners
INFO: Could not instantiate TestExecutionListener [org.springframework.test.context.jdbc.SqlScriptsTestExecutionListener]. Specify custom listener classes or make the default listener classes (and their required dependencies) available. Offending class: [org/springframework/transaction/interceptor/TransactionAttribute]
Dec 10, 2017 10:05:50 AM org.springframework.test.context.support.DefaultTestContextBootstrapper instantiateListeners
INFO: Could not instantiate TestExecutionListener [org.springframework.test.context.transaction.TransactionalTestExecutionListener]. Specify custom listener classes or make the default listener classes (and their required dependencies) available. Offending class: [org/springframework/transaction/TransactionDefinition]
Dec 10, 2017 10:05:50 AM org.springframework.test.context.support.DefaultTestContextBootstrapper getTestExecutionListeners
INFO: Using TestExecutionListeners: [org.springframework.test.context.support.DirtiesContextBeforeModesTestExecutionListener@7a47bc19, org.springframework.test.context.support.DependencyInjectionTestExecutionListener@3424bc20, org.springframework.test.context.support.DirtiesContextTestExecutionListener@162cac8c]
Dec 10, 2017 10:05:50 AM org.springframework.context.support.GenericApplicationContext prepareRefresh
INFO: Refreshing org.springframework.context.support.GenericApplicationContext@1be20ef8: startup date [Sun Dec 10 10:05:50 EST 2017]; root of context hierarchy
]]></system-err>
</testsuite>
